<?xml version="1.0" encoding="UTF-8"?>
<Site BuildName="Linux-g++"
	BuildStamp="20231013-1822-Experimental"
	Name="DESKTOP-VL59CA1"
	Generator="ctest-3.27.7"
	CompilerName="/usr/sbin/g++"
	CompilerVersion="13.2.1"
	OSName="Linux"
	Hostname="DESKTOP-VL59CA1"
	OSRelease="5.15.90.1-microsoft-standard-WSL2"
	OSVersion="#1 SMP Fri Jan 27 02:56:13 UTC 2023"
	OSPlatform="x86_64"
	Is64Bits="1"
	VendorString="AuthenticAMD"
	VendorID="Advanced Micro Devices"
	FamilyID="25"
	ModelID="33"
	ProcessorCacheSize="512"
	NumberOfLogicalCPU="12"
	NumberOfPhysicalCPU="6"
	TotalVirtualMemory="2048"
	TotalPhysicalMemory="7887"
	LogicalProcessorsPerPhysical="2"
	ProcessorClockFrequency="3700"
	>
	<Testing>
		<StartDateTime>Oct 13 23:46 CEST</StartDateTime>
		<StartTestTime>1697233592</StartTestTime>
		<TestList/>
		<EndDateTime>Oct 13 23:46 CEST</EndDateTime>
		<EndTestTime>1697233592</EndTestTime>
		<ElapsedMinutes>0</ElapsedMinutes>
	</Testing>
</Site>
